This is pdfTeX, Version 3.14159265-2.6-1.40.21 (TeX Live 2020) (preloaded format=pdflatex 2020.12.25)  3 JAN 2021 07:14
entering extended mode
 restricted \write18 enabled.
 file:line:error style messages enabled.
 %&-line parsing enabled.
**my_prc.tex
(./my_prc.tex
LaTeX2e <2020-10-01> patch level 2
L3 programming layer <2020-12-07> xparse <2020-03-03>
(/usr/local/texlive/texmf-local/tex/latex/revtex/revtex4-2.cls
Document Class: revtex4-2 2020/10/03 4.2e (https://journals.aps.org/revtex/ for
 documentation)
 Copyright (c) 2019 American Physical Society.
 mailto:revtex@aps.org
 Licensed under the LPPL:
http://www.ctan.org/tex-archive/macros/latex/base/lppl.txt
 Arthur Ogawa <arthur_ogawa at sbcglobal dot net>
 Based on work by David Carlisle <david at dcarlisle.demon.co.uk>
 Version (4.2d,4.2e): Modified by Mark Doyle and Phelype Oleinik
 .
ltxutil[2020/10/03 4.2e utilities package (portions licensed from W. E. Baxter 
web at superscript.com)]
LaTeX Info: Redefining \@centercr on input line 356.
Class revtex4-2 Info: Repairing broken LaTeX eqnarray on input line 406.
\eqncolsep=\skip47
Class revtex4-2 Info: Repairing hyperref-unfriendly LaTeX definition of \mpfoot
note on input line 481.
Class revtex4-2 Info: Repairing broken LateX \@sect on input line 803.
\intertabularlinepenalty=\count177
\@tbpen=\count178
\@arstrutbox@hline=\box47
Class revtex4-2 Info: Repairing broken LaTeX \@xbitor on input line 1834.
Class revtex4-2 Info: Making \typeout \long on input line 2099.
ltxfront[2020/10/03 4.2e frontmatter package (AO,DPC,MD)]
\c@affil=\count179
\c@collab=\count180
\absbox=\box48
ltxgrid[2020/10/03 4.2e page grid package (portions licensed from W. E. Baxter 
web at superscript.com)]
\c@linecount=\count181
\output@latex=\toks15
\box@size@1=\box49
\box@size@2=\box50
\@protection@box=\box51
\@topmark@saved=\toks16
\footins@saved=\box52
\footins@recovered=\box53
\column@recovered=\box54
\pagesofar=\box55
\footsofar=\box56
\pagegrid@col=\count182
Class revtex4-2 Info: Overriding \@vspace, \@vspacer, \@no@pgbk, \@newline, and
 \\  on input line 5665.
\c@part=\count183
\c@section=\count184
\c@subsection=\count185
\c@subsubsection=\count186
\c@paragraph=\count187
\c@subparagraph=\count188
\abovecaptionskip=\skip48
\belowcaptionskip=\skip49
\c@figure=\count189
\fbox@1=\box57
\c@table=\count190
\fbox@2=\box58
\c@video=\count191
\fbox@4=\box59
\@bibdataout=\write3
\widetext@top=\box60
\widetext@bot=\box61
Class revtex4-2 Info: Selecting society aps on input line 7658.
(/usr/local/texlive/texmf-local/tex/latex/revtex/aps4-2.rtx
File: aps4-2 2020/10/03 4.2e (https://journals.aps.org/revtex/ for documentatio
n)
Class revtex4-2 Info: RevTeX society APS selected on input line 40.
)

Class revtex4-2 Warning: No journal specified, using default pra.

Class revtex4-2 Info: APS journal PRA selected on input line 7661.
(/usr/local/texlive/texmf-local/tex/latex/revtex/aps10pt4-2.rtx
File: aps10pt4-2 2020/10/03 4.2e (https://journals.aps.org/revtex/ for document
ation)
Class revtex4-2 Info: RevTeX pointsize 10pt selected on input line 39.
)
(/usr/local/texlive/2020/texmf-dist/tex/latex/textcase/textcase.sty
Package: textcase 2019/09/14 v1.00 Text only upper/lower case changing (DPC)
)
(/usr/local/texlive/2020/texmf-dist/tex/latex/amsfonts/amssymb.sty
Package: amssymb 2013/01/14 v3.01 AMS font symbols

(/usr/local/texlive/2020/texmf-dist/tex/latex/amsfonts/amsfonts.sty
Package: amsfonts 2013/01/14 v3.01 Basic AMSFonts support
\@emptytoks=\toks17
\symAMSa=\mathgroup4
\symAMSb=\mathgroup5
LaTeX Font Info:    Redeclaring math symbol \hbar on input line 98.
LaTeX Font Info:    Overwriting math alphabet `\mathfrak' in version `bold'
(Font)                  U/euf/m/n --> U/euf/b/n on input line 106.
))
(/usr/local/texlive/2020/texmf-dist/tex/latex/amsmath/amsmath.sty
Package: amsmath 2020/09/23 v2.17i AMS math features
\@mathmargin=\skip50

For additional information on amsmath, use the `?' option.
(/usr/local/texlive/2020/texmf-dist/tex/latex/amsmath/amstext.sty
Package: amstext 2000/06/29 v2.01 AMS text

(/usr/local/texlive/2020/texmf-dist/tex/latex/amsmath/amsgen.sty
File: amsgen.sty 1999/11/30 v2.0 generic functions
\@emptytoks=\toks18
\ex@=\dimen138
)
LaTeX Info: Redefining \text on input line 28.
)
(/usr/local/texlive/2020/texmf-dist/tex/latex/amsmath/amsbsy.sty
Package: amsbsy 1999/11/29 v1.2d Bold Symbols
\pmbraise@=\dimen139
)
(/usr/local/texlive/2020/texmf-dist/tex/latex/amsmath/amsopn.sty
Package: amsopn 2016/03/08 v2.02 operator names
)
\inf@bad=\count192
LaTeX Info: Redefining \frac on input line 234.
\uproot@=\count193
\leftroot@=\count194
LaTeX Info: Redefining \overline on input line 399.
\classnum@=\count195
\DOTSCASE@=\count196
LaTeX Info: Redefining \ldots on input line 496.
LaTeX Info: Redefining \dots on input line 499.
LaTeX Info: Redefining \cdots on input line 620.
\Mathstrutbox@=\box62
\strutbox@=\box63
\big@size=\dimen140
LaTeX Font Info:    Redeclaring font encoding OML on input line 743.
LaTeX Font Info:    Redeclaring font encoding OMS on input line 744.
\macc@depth=\count197
\c@MaxMatrixCols=\count198
\dotsspace@=\muskip16
\c@parentequation=\count199
\dspbrk@lvl=\count266
\tag@help=\toks19
\row@=\count267
\column@=\count268
\maxfields@=\count269
\andhelp@=\toks20
\eqnshift@=\dimen141
\alignsep@=\dimen142
\tagshift@=\dimen143
\tagwidth@=\dimen144
\totwidth@=\dimen145
\lineht@=\dimen146
\@envbody=\toks21
\multlinegap=\skip51
\multlinetaggap=\skip52
\mathdisplay@stack=\toks22
LaTeX Info: Redefining \[ on input line 2923.
LaTeX Info: Redefining \] on input line 2924.
)
(/usr/local/texlive/2020/texmf-dist/tex/latex/url/url.sty
\Urlmuskip=\muskip17
Package: url 2013/09/16  ver 3.4  Verb mode for urls, etc.
)
(/usr/local/texlive/2020/texmf-dist/tex/latex/natbib/natbib.sty
Package: natbib 2010/09/13 8.31b (PWD, AO)
\bibhang=\skip53
\bibsep=\skip54
LaTeX Info: Redefining \cite on input line 694.
\c@NAT@ctr=\count270
)
Class revtex4-2 Info: Repairing natbib's \BibitemShut on input line 7665.

(/usr/local/texlive/texmf-local/tex/latex/revtex/revsymb4-2.sty
Package: revsymb4-2 2020/10/03 4.2e (https://journals.aps.org/revtex/ for docum
entation)
LaTeX Info: Redefining \frak on input line 104.
LaTeX Info: Redefining \Bbb on input line 120.
LaTeX Info: Redefining \REV@mathfrak on input line 128.
))
(/usr/local/texlive/2020/texmf-dist/tex/latex/graphics/graphicx.sty
Package: graphicx 2020/09/09 v1.2b Enhanced LaTeX Graphics (DPC,SPQR)

(/usr/local/texlive/2020/texmf-dist/tex/latex/graphics/keyval.sty
Package: keyval 2014/10/28 v1.15 key=value parser (DPC)
\KV@toks@=\toks23
)
(/usr/local/texlive/2020/texmf-dist/tex/latex/graphics/graphics.sty
Package: graphics 2020/08/30 v1.4c Standard LaTeX Graphics (DPC,SPQR)

(/usr/local/texlive/2020/texmf-dist/tex/latex/graphics/trig.sty
Package: trig 2016/01/03 v1.10 sin cos tan (DPC)
)
(/usr/local/texlive/2020/texmf-dist/tex/latex/graphics-cfg/graphics.cfg
File: graphics.cfg 2016/06/04 v1.11 sample graphics configuration
)
Package graphics Info: Driver file: pdftex.def on input line 105.

(/usr/local/texlive/2020/texmf-dist/tex/latex/graphics-def/pdftex.def
File: pdftex.def 2020/10/05 v1.2a Graphics/color driver for pdftex
))
\Gin@req@height=\dimen147
\Gin@req@width=\dimen148
)
(/usr/local/texlive/2020/texmf-dist/tex/latex/tools/dcolumn.sty
Package: dcolumn 2014/10/28 v1.06 decimal alignment package (DPC)

(/usr/local/texlive/2020/texmf-dist/tex/latex/tools/array.sty
Package: array 2020/10/01 v2.5c Tabular extension package (FMi)
\col@sep=\dimen149
\ar@mcellbox=\box64
\extrarowheight=\dimen150
\NC@list=\toks24
\extratabsurround=\skip55
\backup@length=\skip56
\ar@cellbox=\box65
))
(/usr/local/texlive/2020/texmf-dist/tex/latex/tools/bm.sty
Package: bm 2019/07/24 v1.2d Bold Symbol Support (DPC/FMi)
\symboldoperators=\mathgroup6
\symboldletters=\mathgroup7
\symboldsymbols=\mathgroup8
LaTeX Font Info:    Redeclaring math alphabet \mathbf on input line 141.
LaTeX Info: Redefining \bm on input line 209.
)
(/usr/local/texlive/2020/texmf-dist/tex/latex/lipsum/lipsum.sty
(/usr/local/texlive/2020/texmf-dist/tex/latex/l3kernel/expl3.sty
Package: expl3 2020-12-07 L3 programming layer (loader) 

(/usr/local/texlive/2020/texmf-dist/tex/latex/l3backend/l3backend-pdftex.def
File: l3backend-pdftex.def 2020-09-24 L3 backend support: PDF output (pdfTeX)
\l__kernel_color_stack_int=\count271
\l__pdf_internal_box=\box66
))
(/usr/local/texlive/2020/texmf-dist/tex/latex/l3packages/xparse/xparse.sty
Package: xparse 2020-10-27 L3 Experimental document command parser

(/usr/local/texlive/2020/texmf-dist/tex/latex/l3packages/xparse/xparse-generic.
tex))
Package: lipsum 2019/01/02 v2.2 150 paragraphs of Lorem Ipsum dummy text
 (/usr/local/texlive/2020/texmf-dist/tex/latex/lipsum/lipsum.ltd.tex
File: lipsum.ltd.tex 2019/01/02 v2.2 The Lorem ipsum dummy text
))
(/usr/local/texlive/2020/texmf-dist/tex/latex/physics/physics.sty
Package: physics 
)
(/usr/local/texlive/2020/texmf-dist/tex/latex/xcolor/xcolor.sty
Package: xcolor 2016/05/11 v2.12 LaTeX color extensions (UK)

(/usr/local/texlive/2020/texmf-dist/tex/latex/graphics-cfg/color.cfg
File: color.cfg 2016/01/02 v1.6 sample color configuration
)
Package xcolor Info: Driver file: pdftex.def on input line 225.
Package xcolor Info: Model `cmy' substituted by `cmy0' on input line 1348.
Package xcolor Info: Model `hsb' substituted by `rgb' on input line 1352.
Package xcolor Info: Model `RGB' extended on input line 1364.
Package xcolor Info: Model `HTML' substituted by `rgb' on input line 1366.
Package xcolor Info: Model `Hsb' substituted by `hsb' on input line 1367.
Package xcolor Info: Model `tHsb' substituted by `hsb' on input line 1368.
Package xcolor Info: Model `HSB' substituted by `hsb' on input line 1369.
Package xcolor Info: Model `Gray' substituted by `gray' on input line 1370.
Package xcolor Info: Model `wave' substituted by `hsb' on input line 1371.
)
Class revtex4-2 Info: Unrecognized array package. Please update this document c
lass! (Proceeding with fingers crossed.) on input line 20.
Class revtex4-2 Info: cite was not loaded (OK!) on input line 20.
Class revtex4-2 Info: mcite was not loaded (OK!) on input line 20.
Class revtex4-2 Info: multicol was not loaded (OK!) on input line 20.

(./my_prc.aux)
\openout1 = `my_prc.aux'.

LaTeX Font Info:    Checking defaults for OML/cmm/m/it on input line 20.
LaTeX Font Info:    ... okay on input line 20.
LaTeX Font Info:    Checking defaults for OMS/cmsy/m/n on input line 20.
LaTeX Font Info:    ... okay on input line 20.
LaTeX Font Info:    Checking defaults for OT1/cmr/m/n on input line 20.
LaTeX Font Info:    ... okay on input line 20.
LaTeX Font Info:    Checking defaults for T1/cmr/m/n on input line 20.
LaTeX Font Info:    ... okay on input line 20.
LaTeX Font Info:    Checking defaults for TS1/cmr/m/n on input line 20.
LaTeX Font Info:    ... okay on input line 20.
LaTeX Font Info:    Checking defaults for OMX/cmex/m/n on input line 20.
LaTeX Font Info:    ... okay on input line 20.
LaTeX Font Info:    Checking defaults for U/cmr/m/n on input line 20.
LaTeX Font Info:    ... okay on input line 20.

(/usr/local/texlive/2020/texmf-dist/tex/context/base/mkii/supp-pdf.mkii
[Loading MPS to PDF converter (version 2006.09.02).]
\scratchcounter=\count272
\scratchdimen=\dimen151
\scratchbox=\box67
\nofMPsegments=\count273
\nofMParguments=\count274
\everyMPshowfont=\toks25
\MPscratchCnt=\count275
\MPscratchDim=\dimen152
\MPnumerator=\count276
\makeMPintoPDFobject=\count277
\everyMPtoPDFconversion=\toks26
) (/usr/local/texlive/2020/texmf-dist/tex/latex/epstopdf-pkg/epstopdf-base.sty
Package: epstopdf-base 2020-01-24 v2.11 Base part for package epstopdf
Package epstopdf-base Info: Redefining graphics rule for `.eps' on input line 4
85.

(/usr/local/texlive/2020/texmf-dist/tex/latex/latexconfig/epstopdf-sys.cfg
File: epstopdf-sys.cfg 2010/07/13 v1.3 Configuration of (r)epstopdf for TeX Liv
e
))
\openout3 = `my_prcNotes.bib'.

LaTeX Font Info:    Trying to load font information for U+msa on input line 35.


(/usr/local/texlive/2020/texmf-dist/tex/latex/amsfonts/umsa.fd
File: umsa.fd 2013/01/14 v3.01 AMS symbols A
)
LaTeX Font Info:    Trying to load font information for U+msb on input line 35.


(/usr/local/texlive/2020/texmf-dist/tex/latex/amsfonts/umsb.fd
File: umsb.fd 2013/01/14 v3.01 AMS symbols B
) [1{/usr/local/texlive/2020/texmf-var/fonts/map/pdftex/updmap/pdftex.map}] [2]

Overfull \hbox (5.33475pt too wide) detected at line 77
[]
 []

[3]
<images/ExcitationEnergies_GridView.pdf, id=32, 603.25375pt x 601.24625pt>
File: images/ExcitationEnergies_GridView.pdf Graphic file (type pdf)
<use images/ExcitationEnergies_GridView.pdf>
Package pdftex.def Info: images/ExcitationEnergies_GridView.pdf  used on input 
line 185.
(pdftex.def)             Requested size: 241.29723pt x 240.49423pt.
<images/contour-tsd1.pdf, id=33, 297.11pt x 438.63875pt>
File: images/contour-tsd1.pdf Graphic file (type pdf)
<use images/contour-tsd1.pdf>
Package pdftex.def Info: images/contour-tsd1.pdf  used on input line 194.
(pdftex.def)             Requested size: 163.411pt x 241.25204pt.
<images/contour-tsd2.pdf, id=34, 276.03125pt x 438.63875pt>
File: images/contour-tsd2.pdf Graphic file (type pdf)
<use images/contour-tsd2.pdf>
Package pdftex.def Info: images/contour-tsd2.pdf  used on input line 195.
(pdftex.def)             Requested size: 151.81764pt x 241.25204pt.
<images/contour-tsd3.pdf, id=35, 287.0725pt x 438.63875pt>
File: images/contour-tsd3.pdf Graphic file (type pdf)
<use images/contour-tsd3.pdf>
Package pdftex.def Info: images/contour-tsd3.pdf  used on input line 209.
(pdftex.def)             Requested size: 157.89035pt x 241.25204pt.
<images/contour-tsd4.pdf, id=36, 287.0725pt x 438.63875pt>
File: images/contour-tsd4.pdf Graphic file (type pdf)
<use images/contour-tsd4.pdf>
Package pdftex.def Info: images/contour-tsd4.pdf  used on input line 210.
(pdftex.def)             Requested size: 157.89035pt x 241.25204pt.
 [4 <./images/ExcitationEnergies_GridView.pdf>]

LaTeX Warning: A float is stuck (cannot be placed) on input line 223.


LaTeX Warning: A float is stuck (cannot be placed) on input line 223.


Class revtex4-2 Warning: Deferred float stuck during \clearpage processing.

Package epstopdf Info: Source file: <images/tsd1_spin1.eps>
(epstopdf)                    date: 2021-01-02 21:36:04
(epstopdf)                    size: 1216971 bytes
(epstopdf)             Output file: <images/tsd1_spin1-eps-converted-to.pdf>
(epstopdf)                    date: 2021-01-02 21:36:38
(epstopdf)                    size: 149591 bytes
(epstopdf)             Command: <repstopdf --outfile=images/tsd1_spin1-eps-conv
erted-to.pdf images/tsd1_spin1.eps>
(epstopdf)             \includegraphics on input line 226.
Package epstopdf Info: Output file is already uptodate.
<images/tsd1_spin1-eps-converted-to.pdf, id=94, 415.5525pt x 137.51375pt>
File: images/tsd1_spin1-eps-converted-to.pdf Graphic file (type pdf)
<use images/tsd1_spin1-eps-converted-to.pdf>
Package pdftex.def Info: images/tsd1_spin1-eps-converted-to.pdf  used on input 
line 226.
(pdftex.def)             Requested size: 228.55458pt x 75.63278pt.
Package epstopdf Info: Source file: <images/tsd2_spin1.eps>
(epstopdf)                    date: 2021-01-02 21:36:04
(epstopdf)                    size: 1169238 bytes
(epstopdf)             Output file: <images/tsd2_spin1-eps-converted-to.pdf>
(epstopdf)                    date: 2021-01-02 21:36:39
(epstopdf)                    size: 146524 bytes
(epstopdf)             Command: <repstopdf --outfile=images/tsd2_spin1-eps-conv
erted-to.pdf images/tsd2_spin1.eps>
(epstopdf)             \includegraphics on input line 227.
Package epstopdf Info: Output file is already uptodate.
<images/tsd2_spin1-eps-converted-to.pdf, id=95, 415.5525pt x 137.51375pt>
File: images/tsd2_spin1-eps-converted-to.pdf Graphic file (type pdf)
<use images/tsd2_spin1-eps-converted-to.pdf>
Package pdftex.def Info: images/tsd2_spin1-eps-converted-to.pdf  used on input 
line 227.
(pdftex.def)             Requested size: 228.55458pt x 75.63278pt.
Package epstopdf Info: Source file: <images/tsd3_spin1.eps>
(epstopdf)                    date: 2021-01-02 21:36:04
(epstopdf)                    size: 1154155 bytes
(epstopdf)             Output file: <images/tsd3_spin1-eps-converted-to.pdf>
(epstopdf)                    date: 2021-01-02 21:36:40
(epstopdf)                    size: 148901 bytes
(epstopdf)             Command: <repstopdf --outfile=images/tsd3_spin1-eps-conv
erted-to.pdf images/tsd3_spin1.eps>
(epstopdf)             \includegraphics on input line 228.
Package epstopdf Info: Output file is already uptodate.
<images/tsd3_spin1-eps-converted-to.pdf, id=96, 415.5525pt x 137.51375pt>
File: images/tsd3_spin1-eps-converted-to.pdf Graphic file (type pdf)
<use images/tsd3_spin1-eps-converted-to.pdf>
Package pdftex.def Info: images/tsd3_spin1-eps-converted-to.pdf  used on input 
line 228.
(pdftex.def)             Requested size: 228.55458pt x 75.63278pt.
Package epstopdf Info: Source file: <images/tsd4_spin1.eps>
(epstopdf)                    date: 2021-01-02 21:36:04
(epstopdf)                    size: 1173218 bytes
(epstopdf)             Output file: <images/tsd4_spin1-eps-converted-to.pdf>
(epstopdf)                    date: 2021-01-02 21:36:41
(epstopdf)                    size: 147444 bytes
(epstopdf)             Command: <repstopdf --outfile=images/tsd4_spin1-eps-conv
erted-to.pdf images/tsd4_spin1.eps>
(epstopdf)             \includegraphics on input line 229.
Package epstopdf Info: Output file is already uptodate.
<images/tsd4_spin1-eps-converted-to.pdf, id=97, 415.5525pt x 137.51375pt>
File: images/tsd4_spin1-eps-converted-to.pdf Graphic file (type pdf)
<use images/tsd4_spin1-eps-converted-to.pdf>
Package pdftex.def Info: images/tsd4_spin1-eps-converted-to.pdf  used on input 
line 229.
(pdftex.def)             Requested size: 228.55458pt x 75.63278pt.
[5 <./images/contour-tsd1.pdf> <./images/contour-tsd2.pdf

pdfTeX warning: pdflatex (file ./images/contour-tsd2.pdf): PDF inclusion: multi
ple pdfs with page group included in a single page
> <./images/contour-tsd3.pdf

pdfTeX warning: pdflatex (file ./images/contour-tsd3.pdf): PDF inclusion: multi
ple pdfs with page group included in a single page
> <./images/contour-tsd4.pdf

pdfTeX warning: pdflatex (file ./images/contour-tsd4.pdf): PDF inclusion: multi
ple pdfs with page group included in a single page
>]

LaTeX Warning: A float is stuck (cannot be placed) on input line 235.


LaTeX Warning: A float is stuck (cannot be placed) on input line 235.


Class revtex4-2 Warning: Deferred float stuck during \clearpage processing.

(./my_prc.bbl
Underfull \hbox (badness 7308) in paragraph at lines 77--85
 []\OT1/cmr/m/n/9 S. ^^_deg^^Ward, G. B. Hage-mann, D. R. Jensen,
 []


Underfull \hbox (badness 4193) in paragraph at lines 96--100
 []\OT1/cmr/m/n/9 D. R. Jensen, G. B. Hage-mann, I. Hamamoto,
 []


Underfull \hbox (badness 1859) in paragraph at lines 122--129
 []\OT1/cmr/m/n/9 N. Sen-sharma, U. Garg, S. Zhu, A. Ayangeakaa,
 []

[6 <./images/tsd1_spin1-eps-converted-to.pdf> <./images/tsd2_spin1-eps-converte
d-to.pdf> <./images/tsd3_spin1-eps-converted-to.pdf> <./images/tsd4_spin1-eps-c
onverted-to.pdf>]) [7] (./my_prc.aux) ) 
Here is how much of TeX's memory you used:
 5903 strings out of 479382
 79403 string characters out of 5869369
 551928 words of memory out of 5000000
 22927 multiletter control sequences out of 15000+600000
 418457 words of font info for 82 fonts, out of 8000000 for 9000
 1141 hyphenation exceptions out of 8191
 79i,10n,85p,3069b,316s stack positions out of 5000i,500n,10000p,200000b,80000s
</usr/local/texlive/2020/texmf-dist/font
s/type1/public/amsfonts/cm/cmbx10.pfb></usr/local/texlive/2020/texmf-dist/fonts
/type1/public/amsfonts/cm/cmbx12.pfb></usr/local/texlive/2020/texmf-dist/fonts/
type1/public/amsfonts/cm/cmbx9.pfb></usr/local/texlive/2020/texmf-dist/fonts/ty
pe1/public/amsfonts/cm/cmex10.pfb></usr/local/texlive/2020/texmf-dist/fonts/typ
e1/public/amsfonts/cm/cmmi10.pfb></usr/local/texlive/2020/texmf-dist/fonts/type
1/public/amsfonts/cm/cmmi5.pfb></usr/local/texlive/2020/texmf-dist/fonts/type1/
public/amsfonts/cm/cmmi6.pfb></usr/local/texlive/2020/texmf-dist/fonts/type1/pu
blic/amsfonts/cm/cmmi7.pfb></usr/local/texlive/2020/texmf-dist/fonts/type1/publ
ic/amsfonts/cm/cmmi9.pfb></usr/local/texlive/2020/texmf-dist/fonts/type1/public
/amsfonts/cm/cmr10.pfb></usr/local/texlive/2020/texmf-dist/fonts/type1/public/a
msfonts/cm/cmr5.pfb></usr/local/texlive/2020/texmf-dist/fonts/type1/public/amsf
onts/cm/cmr6.pfb></usr/local/texlive/2020/texmf-dist/fonts/type1/public/amsfont
s/cm/cmr7.pfb></usr/local/texlive/2020/texmf-dist/fonts/type1/public/amsfonts/c
m/cmr8.pfb></usr/local/texlive/2020/texmf-dist/fonts/type1/public/amsfonts/cm/c
mr9.pfb></usr/local/texlive/2020/texmf-dist/fonts/type1/public/amsfonts/cm/cmsy
10.pfb></usr/local/texlive/2020/texmf-dist/fonts/type1/public/amsfonts/cm/cmsy6
.pfb></usr/local/texlive/2020/texmf-dist/fonts/type1/public/amsfonts/cm/cmsy7.p
fb></usr/local/texlive/2020/texmf-dist/fonts/type1/public/amsfonts/cm/cmsy9.pfb
></usr/local/texlive/2020/texmf-dist/fonts/type1/public/amsfonts/cm/cmti10.pfb>
</usr/local/texlive/2020/texmf-dist/fonts/type1/public/amsfonts/cm/cmti9.pfb></
usr/local/texlive/2020/texmf-dist/fonts/type1/public/amsfonts/symbols/msbm10.pf
b>
Output written on my_prc.pdf (7 pages, 2513928 bytes).
PDF statistics:
 481 PDF objects out of 1000 (max. 8388607)
 321 compressed objects within 4 object streams
 0 named destinations out of 1000 (max. 500000)
 46 words of extra memory for PDF output out of 10000 (max. 10000000)

